<test-run id="2" testcasecount="4" result="Passed" start-time="2023-02-09 10:03:23.804717" end-time="2023-02-09 10:03:24.171513" duration="0" total="4" passed="4" failed="0" inconclusive="0" skipped="0" asserts="0" clr-version="3.11.0 (main, Oct 24 2022, 18:26:48) [MSC v.1933 64 bit (AMD64)]" engine-version="3.6.2"><command-line>C:\Python311\Lib\site-packages\pytest\__main__.py --doctest-modules --junitxml=junit/test-results.xml --cov=. --cov-report=xml --cov-report=html:doc/docs/htmlcov --ignore=examples</command-line><filter /><test-suite id="tests/test_foo_add.py" name="tests/test_foo_add.py" fullname="tests/test_foo_add.py" methodname="" classname="" runstate="Runnable" type="Assembly" testcasecount="1" result="Passed" label="" start-time="2023-02-09 10:03:24.043931" end-time="2023-02-09 10:03:24.044928" duration="0.000997" asserts="0" total="1" passed="1" failed="0" warnings="0" inconclusive="0" skipped="0"><properties><property name="python_version" value="3.11.0 (main, Oct 24 2022, 18:26:48) [MSC v.1933 64 bit (AMD64)]" /></properties><test-case id="103" name="tests/test_foo_add.py::test_add" fullname="tests/test_foo_add.py::test_add" methodname="test_add" classname="tests/test_foo_add.py" runstate="Runnable" seed="1" result="Passed" label="" start-time="2023-02-09 10:03:24.043931" end-time="2023-02-09 10:03:24.044928" duration="0.000997" asserts="0"><properties><property name="python-version" value="3.11.0 (main, Oct 24 2022, 18:26:48) [MSC v.1933 64 bit (AMD64)]" /><property name="fspath" value="tests/test_foo_add.py" /></properties><environment framework-version="3.6.2" clr-version="3.11.0 (main, Oct 24 2022, 18:26:48) [MSC v.1933 64 bit (AMD64)]" os-version="10" platform="Windows" cwd="C:\Code\lightcon-scipack" machine-name="AMD64" user="" user-domain="" culture="lt_LT" uiculture="lt_LT" os-architecture="64bit" /><failure><message><![CDATA[]]></message><stack-trace><![CDATA[None]]></stack-trace></failure><reason><message><![CDATA[]]></message></reason><output><![CDATA[]]></output></test-case><environment framework-version="3.6.2" clr-version="3.11.0 (main, Oct 24 2022, 18:26:48) [MSC v.1933 64 bit (AMD64)]" os-version="10" platform="Windows" cwd="C:\Code\lightcon-scipack" machine-name="AMD64" user="" user-domain="" culture="lt_LT" uiculture="lt_LT" os-architecture="64bit" /></test-suite><test-suite id="tests/test_datasets.py" name="tests/test_datasets.py" fullname="tests/test_datasets.py" methodname="" classname="" runstate="Runnable" type="Assembly" testcasecount="1" result="Passed" label="" start-time="2023-02-09 10:03:24.040941" end-time="2023-02-09 10:03:24.043931" duration="0.00299" asserts="0" total="1" passed="1" failed="0" warnings="0" inconclusive="0" skipped="0"><properties><property name="python_version" value="3.11.0 (main, Oct 24 2022, 18:26:48) [MSC v.1933 64 bit (AMD64)]" /></properties><test-case id="102" name="tests/test_datasets.py::test_load_EKSMA_OPTICS_mirror_reflections" fullname="tests/test_datasets.py::test_load_EKSMA_OPTICS_mirror_reflections" methodname="test_load_EKSMA_OPTICS_mirror_reflections" classname="tests/test_datasets.py" runstate="Runnable" seed="1" result="Passed" label="" start-time="2023-02-09 10:03:24.040941" end-time="2023-02-09 10:03:24.043931" duration="0.00299" asserts="0"><properties><property name="python-version" value="3.11.0 (main, Oct 24 2022, 18:26:48) [MSC v.1933 64 bit (AMD64)]" /><property name="fspath" value="tests/test_datasets.py" /></properties><environment framework-version="3.6.2" clr-version="3.11.0 (main, Oct 24 2022, 18:26:48) [MSC v.1933 64 bit (AMD64)]" os-version="10" platform="Windows" cwd="C:\Code\lightcon-scipack" machine-name="AMD64" user="" user-domain="" culture="lt_LT" uiculture="lt_LT" os-architecture="64bit" /><failure><message><![CDATA[]]></message><stack-trace><![CDATA[None]]></stack-trace></failure><reason><message><![CDATA[]]></message></reason><output><![CDATA[]]></output></test-case><environment framework-version="3.6.2" clr-version="3.11.0 (main, Oct 24 2022, 18:26:48) [MSC v.1933 64 bit (AMD64)]" os-version="10" platform="Windows" cwd="C:\Code\lightcon-scipack" machine-name="AMD64" user="" user-domain="" culture="lt_LT" uiculture="lt_LT" os-architecture="64bit" /></test-suite><test-suite id="scilightcon/foo/_bar.py" name="scilightcon/foo/_bar.py" fullname="scilightcon/foo/_bar.py" methodname="" classname="" runstate="Runnable" type="Assembly" testcasecount="1" result="Passed" label="" start-time="2023-02-09 10:03:24.037951" end-time="2023-02-09 10:03:24.039944" duration="0.001993" asserts="0" total="1" passed="1" failed="0" warnings="0" inconclusive="0" skipped="0"><properties><property name="python_version" value="3.11.0 (main, Oct 24 2022, 18:26:48) [MSC v.1933 64 bit (AMD64)]" /></properties><test-case id="101" name="scilightcon/foo/_bar.py::scilightcon.foo._bar.add" fullname="scilightcon/foo/_bar.py::scilightcon.foo._bar.add" methodname="scilightcon.foo._bar.add" classname="scilightcon/foo/_bar.py" runstate="Runnable" seed="1" result="Passed" label="" start-time="2023-02-09 10:03:24.037951" end-time="2023-02-09 10:03:24.039944" duration="0.001993" asserts="0"><properties><property name="python-version" value="3.11.0 (main, Oct 24 2022, 18:26:48) [MSC v.1933 64 bit (AMD64)]" /><property name="fspath" value="scilightcon/foo/_bar.py" /></properties><environment framework-version="3.6.2" clr-version="3.11.0 (main, Oct 24 2022, 18:26:48) [MSC v.1933 64 bit (AMD64)]" os-version="10" platform="Windows" cwd="C:\Code\lightcon-scipack" machine-name="AMD64" user="" user-domain="" culture="lt_LT" uiculture="lt_LT" os-architecture="64bit" /><failure><message><![CDATA[]]></message><stack-trace><![CDATA[None]]></stack-trace></failure><reason><message><![CDATA[]]></message></reason><output><![CDATA[]]></output></test-case><environment framework-version="3.6.2" clr-version="3.11.0 (main, Oct 24 2022, 18:26:48) [MSC v.1933 64 bit (AMD64)]" os-version="10" platform="Windows" cwd="C:\Code\lightcon-scipack" machine-name="AMD64" user="" user-domain="" culture="lt_LT" uiculture="lt_LT" os-architecture="64bit" /></test-suite><test-suite id="scilightcon/datasets/_base.py" name="scilightcon/datasets/_base.py" fullname="scilightcon/datasets/_base.py" methodname="" classname="" runstate="Runnable" type="Assembly" testcasecount="1" result="Passed" label="Base data loading code for all datasets" start-time="2023-02-09 10:03:24.020010" end-time="2023-02-09 10:03:24.036955" duration="0.016945" asserts="0" total="1" passed="1" failed="0" warnings="0" inconclusive="0" skipped="0"><properties><property name="python_version" value="3.11.0 (main, Oct 24 2022, 18:26:48) [MSC v.1933 64 bit (AMD64)]" /></properties><test-case id="100" name="scilightcon/datasets/_base.py::scilightcon.datasets._base.load_EKSMA_OPTICS_mirror_reflections" fullname="scilightcon/datasets/_base.py::scilightcon.datasets._base.load_EKSMA_OPTICS_mirror_reflections" methodname="scilightcon.datasets._base.load_EKSMA_OPTICS_mirror_reflections" classname="scilightcon/datasets/_base.py" runstate="Runnable" seed="1" result="Passed" label="" start-time="2023-02-09 10:03:24.020010" end-time="2023-02-09 10:03:24.036955" duration="0.016945" asserts="0"><properties><property name="python-version" value="3.11.0 (main, Oct 24 2022, 18:26:48) [MSC v.1933 64 bit (AMD64)]" /><property name="fspath" value="scilightcon/datasets/_base.py" /></properties><environment framework-version="3.6.2" clr-version="3.11.0 (main, Oct 24 2022, 18:26:48) [MSC v.1933 64 bit (AMD64)]" os-version="10" platform="Windows" cwd="C:\Code\lightcon-scipack" machine-name="AMD64" user="" user-domain="" culture="lt_LT" uiculture="lt_LT" os-architecture="64bit" /><failure><message><![CDATA[]]></message><stack-trace><![CDATA[None]]></stack-trace></failure><reason><message><![CDATA[]]></message></reason><output><![CDATA[]]></output></test-case><environment framework-version="3.6.2" clr-version="3.11.0 (main, Oct 24 2022, 18:26:48) [MSC v.1933 64 bit (AMD64)]" os-version="10" platform="Windows" cwd="C:\Code\lightcon-scipack" machine-name="AMD64" user="" user-domain="" culture="lt_LT" uiculture="lt_LT" os-architecture="64bit" /></test-suite></test-run>