<?xml version="1.0" encoding="utf-8"?><testsuites><testsuite name="pytest" errors="0" failures="0" skipped="0" tests="0" time="0.068" timestamp="2023-02-08T15:00:55.957811" hostname="K2BSLSRDGGPC018" /></testsuites>