<test-run id="2" testcasecount="0" result="Passed" start-time="2023-02-08 13:00:55.957811" end-time="2023-02-08 13:00:56.024589" duration="0" total="0" passed="0" failed="0" inconclusive="0" skipped="0" asserts="0" clr-version="3.11.0 (main, Oct 24 2022, 18:26:48) [MSC v.1933 64 bit (AMD64)]" engine-version="3.6.2"><command-line>C:\Python311\Lib\site-packages\pytest\__main__.py --doctest-modules --junitxml=junit/test-results.xml --cov=. --cov-report=xml --cov-report=html:cov_html</command-line><filter /></test-run>