<?xml version="1.0" encoding="utf-8"?><testsuites><testsuite name="pytest" errors="0" failures="0" skipped="0" tests="4" time="0.369" timestamp="2023-02-09T12:03:23.804717" hostname="K2BSLSRDGGPC018"><testcase classname="scilightcon.datasets._base" name="scilightcon.datasets._base.load_EKSMA_OPTICS_mirror_reflections" time="0.009" /><testcase classname="scilightcon.foo._bar" name="scilightcon.foo._bar.add" time="0.002" /><testcase classname="tests.test_datasets" name="test_load_EKSMA_OPTICS_mirror_reflections" time="0.003" /><testcase classname="tests.test_foo_add" name="test_add" time="0.000" /></testsuite></testsuites>